<?xml version="1.0" encoding="UTF-8"?>
<testsuite xmlns:xsi="http://www.w3.org/2001/XMLSchema-instance" xsi:noNamespaceSchemaLocation="https://maven.apache.org/surefire/maven-surefire-plugin/xsd/surefire-test-report.xsd" name="BasicOpsTest" time="0" tests="5" errors="0" skipped="0" failures="0">
  <properties>
[...]
</properties>
  <testcase name="testDivByZero" classname="BasicOpsTest" time="0"/>
  <testcase name="testAdd" classname="BasicOpsTest" time="0"/>
  <testcase name="testDiv" classname="BasicOpsTest" time="0"/>
  <testcase name="testMul" classname="BasicOpsTest" time="0"/>
  <testcase name="testSubstract" classname="BasicOpsTest" time="0"/>
</testsuite>